<?xml version="1.0" encoding="UTF-8"?>
<testsuite xmlns:xsi="http://www.w3.org/2001/XMLSchema-instance" xsi:noNamespaceSchemaLocation="https://maven.apache.org/surefire/maven-surefire-plugin/xsd/surefire-test-report.xsd" name="serverside.test.sainsburys.berriescherriescurrents.ProductsTests" time="0.786" tests="2" errors="0" skipped="0" failures="0">
  <properties>
[...]
</properties>
  <testcase name="checkXmlCssQueryExists" classname="serverside.test.sainsburys.berriescherriescurrents.ProductsTests" time="0.046"/>
  <testcase name="httpConnectionTest" classname="serverside.test.sainsburys.berriescherriescurrents.ProductsTests" time="0.589"/>
</testsuite>